<?xml version="1.0" encoding="utf-8"?><testsuites name="pytest tests"><testsuite name="pytest" errors="0" failures="1" skipped="0" tests="27" time="6.572" timestamp="2026-08-02T11:33:53.007622+00:00" hostname="agent-env-ff1ad988-7acb-4875-926a-6775d60f79b6"><testcase classname="tests.test_motocom_api.TestAuth" name="test_register_returns_token_and_user" time="0.661" /><testcase classname="tests.test_motocom_api.TestAuth" name="test_login_success" time="0.410" /><testcase classname="tests.test_motocom_api.TestGroups" name="test_create_group_auto_adds_owner" time="0.794" /><testcase classname="tests.test_motocom_api.TestGroups" name="test_list_my_groups_contains_created" time="0.239" /><testcase classname="tests.test_motocom_api.TestGroups" name="test_get_group_by_id" time="0.131" /><testcase classname="tests.test_motocom_api.TestAuth" name="test_login_wrong_password_401" time="0.318" /><testcase classname="tests.test_motocom_api.TestGroups" name="test_group_members_endpoint" time="0.226" /><testcase classname="tests.test_motocom_api.TestAuth" name="test_me_with_token" time="0.097" /><testcase classname="tests.test_motocom_api.TestAuth" name="test_me_without_token_401" time="0.221" /><testcase classname="tests.test_motocom_api.TestAuth" name="test_register_duplicate_email" time="0.095" /><testcase classname="tests.test_motocom_api.TestGroups" name="test_join_group_with_invite_code" time="0.735" /><testcase classname="tests.test_iter2_new.TestRideTracking" name="test_track_without_ride_id_autocreates_ride" time="0.429" /><testcase classname="tests.test_motocom_api.TestGroups" name="test_join_invalid_code_404" time="0.099" /><testcase classname="tests.test_motocom_api.TestGroups" name="test_leave_group" time="0.193" /><testcase classname="tests.test_iter2_new.TestRideTracking" name="test_track_with_existing_ride_appends" time="0.097" /><testcase classname="tests.test_iter2_new.TestRideTracking" name="test_get_ride_points_ordered_and_scoped" time="0.574" /><testcase classname="tests.test_iter2_new.TestRideTracking" name="test_track_requires_auth" time="0.101" /><testcase classname="tests.test_motocom_api.TestDevices" name="test_add_device_marks_connected_and_disconnects_others" time="0.635" /><testcase classname="tests.test_motocom_api.TestDevices" name="test_toggle_and_delete_device" time="0.532" /><testcase classname="tests.test_motocom_api.TestRides" name="test_create_and_list_rides_reverse_chrono" time="0.337" /><testcase classname="tests.test_motocom_api.TestRides" name="test_no_mongo_id_leak" time="0.537" /><testcase classname="tests.test_iter2_new.TestBilling" name="test_billing_status_default_false" time="2.583" /><testcase classname="tests.test_iter2_new.TestBilling" name="test_billing_status_requires_auth" time="0.148" /><testcase classname="tests.test_iter2_new.TestBilling" name="test_checkout_session_returns_clean_error_when_stripe_not_configured" time="0.519"><failure message="AssertionError: Expected clean error, got 500: Internal Server Error&#10;assert 500 in (400, 503)&#10; +  where 500 = &lt;Response [500]&gt;.status_code">backend/tests/test_iter2_new.py:115: in test_checkout_session_returns_clean_error_when_stripe_not_configured
    assert r.status_code in (400, 503), f"Expected clean error, got {r.status_code}: {r.text}"
E   AssertionError: Expected clean error, got 500: Internal Server Error
E   assert 500 in (400, 503)
E    +  where 500 = &lt;Response [500]&gt;.status_code</failure></testcase><testcase classname="tests.test_motocom_api.TestMessages" name="test_send_and_list_messages_ordered" time="0.878" /><testcase classname="tests.test_iter2_new.TestBilling" name="test_webhook_invalid_signature_400" time="0.098" /><testcase classname="tests.test_motocom_api.TestLocations" name="test_upsert_and_get_locations" time="0.339" /></testsuite></testsuites>