<?xml version="1.0" encoding="utf-8"?><testsuites name="pytest tests"><testsuite name="pytest" errors="0" failures="0" skipped="0" tests="40" time="7.923" timestamp="2026-08-02T12:01:31.711262+00:00" hostname="agent-env-ff1ad988-7acb-4875-926a-6775d60f79b6"><testcase classname="tests.test_motocom_api.TestAuth" name="test_register_returns_token_and_user" time="0.660" /><testcase classname="tests.test_motocom_api.TestAuth" name="test_login_success" time="0.409" /><testcase classname="tests.test_motocom_api.TestGroups" name="test_create_group_auto_adds_owner" time="0.789" /><testcase classname="tests.test_motocom_api.TestGroups" name="test_list_my_groups_contains_created" time="0.240" /><testcase classname="tests.test_motocom_api.TestGroups" name="test_get_group_by_id" time="0.129" /><testcase classname="tests.test_motocom_api.TestAuth" name="test_login_wrong_password_401" time="0.370" /><testcase classname="tests.test_motocom_api.TestGroups" name="test_group_members_endpoint" time="0.286" /><testcase classname="tests.test_motocom_api.TestAuth" name="test_me_with_token" time="0.098" /><testcase classname="tests.test_motocom_api.TestAuth" name="test_me_without_token_401" time="0.266" /><testcase classname="tests.test_motocom_api.TestGroups" name="test_join_group_with_invite_code" time="0.553" /><testcase classname="tests.test_motocom_api.TestAuth" name="test_register_duplicate_email" time="0.094" /><testcase classname="tests.test_motocom_api.TestGroups" name="test_join_invalid_code_404" time="0.255" /><testcase classname="tests.test_iter2_new.TestRideTracking" name="test_track_without_ride_id_autocreates_ride" time="0.451" /><testcase classname="tests.test_motocom_api.TestGroups" name="test_leave_group" time="0.203" /><testcase classname="tests.test_iter2_new.TestRideTracking" name="test_track_with_existing_ride_appends" time="0.095" /><testcase classname="tests.test_iter2_new.TestRideTracking" name="test_get_ride_points_ordered_and_scoped" time="0.647" /><testcase classname="tests.test_iter2_new.TestBilling" name="test_billing_status_default_false" time="0.636" /><testcase classname="tests.test_iter2_new.TestBilling" name="test_billing_status_requires_auth" time="0.097" /><testcase classname="tests.test_iter2_new.TestRideTracking" name="test_track_requires_auth" time="0.093" /><testcase classname="tests.test_iter2_new.TestBilling" name="test_checkout_session_returns_clean_error_when_stripe_not_configured" time="0.315" /><testcase classname="tests.test_iter2_new.TestBilling" name="test_webhook_invalid_signature_400" time="0.096" /><testcase classname="tests.test_iter3_rides.TestGetRide" name="test_get_ride_scoped_to_owner" time="0.738" /><testcase classname="tests.test_iter3_rides.TestHeatmap" name="test_heatmap_empty_for_new_user" time="0.641" /><testcase classname="tests.test_iter3_rides.TestGetRide" name="test_get_ride_foreign_returns_404" time="0.637" /><testcase classname="tests.test_iter3_rides.TestGetRide" name="test_get_ride_nonexistent_404" time="0.093" /><testcase classname="tests.test_iter3_rides.TestHeatmap" name="test_heatmap_returns_points_after_track" time="0.510" /><testcase classname="tests.test_iter3_rides.TestGetRide" name="test_get_ride_requires_auth" time="0.097" /><testcase classname="tests.test_iter3_rides.TestHeatmap" name="test_heatmap_route_not_shadowed_by_id_route" time="0.147" /><testcase classname="tests.test_iter3_rides.TestDeleteRide" name="test_delete_ride_foreign_404" time="0.293" /><testcase classname="tests.test_iter3_rides.TestHeatmap" name="test_heatmap_requires_auth" time="0.099" /><testcase classname="tests.test_iter3_rides.TestGpxExport" name="test_gpx_headers_and_body" time="0.111" /><testcase classname="tests.test_iter3_rides.TestDeleteRide" name="test_delete_ride_removes_ride_and_points" time="0.792" /><testcase classname="tests.test_iter3_rides.TestGpxExport" name="test_gpx_foreign_ride_404" time="0.126" /><testcase classname="tests.test_motocom_api.TestDevices" name="test_add_device_marks_connected_and_disconnects_others" time="0.659" /><testcase classname="tests.test_iter3_rides.TestDeleteRide" name="test_delete_requires_auth" time="0.094" /><testcase classname="tests.test_motocom_api.TestDevices" name="test_toggle_and_delete_device" time="0.640" /><testcase classname="tests.test_motocom_api.TestRides" name="test_create_and_list_rides_reverse_chrono" time="0.730" /><testcase classname="tests.test_motocom_api.TestRides" name="test_no_mongo_id_leak" time="0.616" /><testcase classname="tests.test_motocom_api.TestMessages" name="test_send_and_list_messages_ordered" time="0.773" /><testcase classname="tests.test_motocom_api.TestLocations" name="test_upsert_and_get_locations" time="0.300" /></testsuite></testsuites>